0 info it worked if it ends with ok
1 verbose cli [ '/usr/bin/node', '/usr/bin/npm', 'run', 'server' ]
2 info using npm@3.5.2
3 info using node@v8.10.0
4 verbose run-script [ 'preserver', 'server', 'postserver' ]
5 info lifecycle mern@1.0.0~preserver: mern@1.0.0
6 silly lifecycle mern@1.0.0~preserver: no script for preserver, continuing
7 info lifecycle mern@1.0.0~server: mern@1.0.0
8 verbose lifecycle mern@1.0.0~server: unsafe-perm in lifecycle true
9 verbose lifecycle mern@1.0.0~server: PATH: /usr/share/npm/bin/node-gyp-bin:/home/koulgi/Documents/MERN/node_modules/.bin:/usr/share/npm/bin/node-gyp-bin:/home/koulgi/Documents/MERN/node_modules/.bin:/usr/local/sbin:/usr/local/bin:/usr/sbin:/usr/bin:/sbin:/bin:/usr/games:/usr/local/games:/snap/bin
10 verbose lifecycle mern@1.0.0~server: CWD: /home/koulgi/Documents/MERN
11 silly lifecycle mern@1.0.0~server: Args: [ '-c', 'nodemon index' ]
12 silly lifecycle mern@1.0.0~server: Returned: code: 1  signal: null
13 info lifecycle mern@1.0.0~server: Failed to exec server script
14 verbose stack Error: mern@1.0.0 server: `nodemon index`
14 verbose stack Exit status 1
14 verbose stack     at EventEmitter.<anonymous> (/usr/share/npm/lib/utils/lifecycle.js:232:16)
14 verbose stack     at emitTwo (events.js:126:13)
14 verbose stack     at EventEmitter.emit (events.js:214:7)
14 verbose stack     at ChildProcess.<anonymous> (/usr/share/npm/lib/utils/spawn.js:24:14)
14 verbose stack     at emitTwo (events.js:126:13)
14 verbose stack     at ChildProcess.emit (events.js:214:7)
14 verbose stack     at maybeClose (internal/child_process.js:925:16)
14 verbose stack     at Process.ChildProcess._handle.onexit (internal/child_process.js:209:5)
15 verbose pkgid mern@1.0.0
16 verbose cwd /home/koulgi/Documents/MERN
17 error Linux 5.3.0-40-generic
18 error argv "/usr/bin/node" "/usr/bin/npm" "run" "server"
19 error node v8.10.0
20 error npm  v3.5.2
21 error code ELIFECYCLE
22 error mern@1.0.0 server: `nodemon index`
22 error Exit status 1
23 error Failed at the mern@1.0.0 server script 'nodemon index'.
23 error Make sure you have the latest version of node.js and npm installed.
23 error If you do, this is most likely a problem with the mern package,
23 error not with npm itself.
23 error Tell the author that this fails on your system:
23 error     nodemon index
23 error You can get information on how to open an issue for this project with:
23 error     npm bugs mern
23 error Or if that isn't available, you can get their info via:
23 error     npm owner ls mern
23 error There is likely additional logging output above.
24 verbose exit [ 1, true ]
